[29428 - Suricata-Main] 2025-05-24 19:11:29 Notice: suricata: This is Suricata version 7.0.10 RELEASE running in USER mode
[29428 - Suricata-Main] 2025-05-24 19:11:29 Info: cpu: CPUs/cores online: 22
[29428 - Suricata-Main] 2025-05-24 19:11:29 Notice: runmodes: thread stack size of 0 to too small: setting to 512k
[29428 - Suricata-Main] 2025-05-24 19:11:29 Info: suricata: Setting engine mode to IDS mode by default
[29428 - Suricata-Main] 2025-05-24 19:11:29 Info: exception-policy: master exception-policy set to: auto
[29428 - Suricata-Main] 2025-05-24 19:11:29 Info: coredump-config: Configuring core dump is not yet supported on Windows.
[29428 - Suricata-Main] 2025-05-24 19:11:29 Info: logopenfile: fast output device (regular) initialized: fast.log
[29428 - Suricata-Main] 2025-05-24 19:11:29 Info: logopenfile: eve-log output device (regular) initialized: eve.json
[29428 - Suricata-Main] 2025-05-24 19:11:29 Info: logopenfile: stats output device (regular) initialized: stats.log
[29428 - Suricata-Main] 2025-05-24 19:11:29 Error: detect: opening rule file C:\\Program Files\\Suricata\\rules\\botcc.rules: No such file or directory.
[29428 - Suricata-Main] 2025-05-24 19:11:29 Error: detect: opening rule file C:\\Program Files\\Suricata\\rules\\botcc.portgrouped.rules: No such file or directory.
[29428 - Suricata-Main] 2025-05-24 19:11:29 Error: detect: opening rule file C:\\Program Files\\Suricata\\rules\\ciarmy.rules: No such file or directory.
[29428 - Suricata-Main] 2025-05-24 19:11:29 Error: detect: opening rule file C:\\Program Files\\Suricata\\rules\\compromised.rules: No such file or directory.
[29428 - Suricata-Main] 2025-05-24 19:11:29 Error: detect: opening rule file C:\\Program Files\\Suricata\\rules\\drop.rules: No such file or directory.
[29428 - Suricata-Main] 2025-05-24 19:11:29 Error: detect: opening rule file C:\\Program Files\\Suricata\\rules\\dshield.rules: No such file or directory.
[29428 - Suricata-Main] 2025-05-24 19:11:29 Error: detect: opening rule file C:\\Program Files\\Suricata\\rules\\emerging-activex.rules: No such file or directory.
[29428 - Suricata-Main] 2025-05-24 19:11:29 Error: detect: opening rule file C:\\Program Files\\Suricata\\rules\\emerging-adware_pup.rules: No such file or directory.
[29428 - Suricata-Main] 2025-05-24 19:11:29 Error: detect: opening rule file C:\\Program Files\\Suricata\\rules\\emerging-attack_response.rules: No such file or directory.
[29428 - Suricata-Main] 2025-05-24 19:11:29 Error: detect: opening rule file C:\\Program Files\\Suricata\\rules\\emerging-chat.rules: No such file or directory.
[29428 - Suricata-Main] 2025-05-24 19:11:29 Error: detect: opening rule file C:\\Program Files\\Suricata\\rules\\emerging-coinminer.rules: No such file or directory.
[29428 - Suricata-Main] 2025-05-24 19:11:29 Error: detect: opening rule file C:\\Program Files\\Suricata\\rules\\emerging-current_events.rules: No such file or directory.
[29428 - Suricata-Main] 2025-05-24 19:11:29 Error: detect: opening rule file C:\\Program Files\\Suricata\\rules\\emerging-dns.rules: No such file or directory.
[29428 - Suricata-Main] 2025-05-24 19:11:29 Error: detect: opening rule file C:\\Program Files\\Suricata\\rules\\emerging-dos.rules: No such file or directory.
[29428 - Suricata-Main] 2025-05-24 19:11:29 Error: detect: opening rule file C:\\Program Files\\Suricata\\rules\\emerging-exploit.rules: No such file or directory.
[29428 - Suricata-Main] 2025-05-24 19:11:29 Error: detect: opening rule file C:\\Program Files\\Suricata\\rules\\emerging-ftp.rules: No such file or directory.
[29428 - Suricata-Main] 2025-05-24 19:11:29 Error: detect: opening rule file C:\\Program Files\\Suricata\\rules\\emerging-games.rules: No such file or directory.
[29428 - Suricata-Main] 2025-05-24 19:11:29 Error: detect: opening rule file C:\\Program Files\\Suricata\\rules\\emerging-icmp_info.rules: No such file or directory.
[29428 - Suricata-Main] 2025-05-24 19:11:29 Error: detect: opening rule file C:\\Program Files\\Suricata\\rules\\emerging-icmp.rules: No such file or directory.
[29428 - Suricata-Main] 2025-05-24 19:11:29 Error: detect: opening rule file C:\\Program Files\\Suricata\\rules\\emerging-imap.rules: No such file or directory.
[29428 - Suricata-Main] 2025-05-24 19:11:29 Error: detect: opening rule file C:\\Program Files\\Suricata\\rules\\emerging-inappropriate.rules: No such file or directory.
[29428 - Suricata-Main] 2025-05-24 19:11:29 Error: detect: opening rule file C:\\Program Files\\Suricata\\rules\\emerging-info.rules: No such file or directory.
[29428 - Suricata-Main] 2025-05-24 19:11:29 Error: detect: opening rule file C:\\Program Files\\Suricata\\rules\\emerging-ja3.rules: No such file or directory.
[29428 - Suricata-Main] 2025-05-24 19:11:29 Error: detect: opening rule file C:\\Program Files\\Suricata\\rules\\emerging-malware.rules: No such file or directory.
[29428 - Suricata-Main] 2025-05-24 19:11:29 Error: detect: opening rule file C:\\Program Files\\Suricata\\rules\\emerging-misc.rules: No such file or directory.
[29428 - Suricata-Main] 2025-05-24 19:11:29 Error: detect: opening rule file C:\\Program Files\\Suricata\\rules\\emerging-mobile_malware.rules: No such file or directory.
[29428 - Suricata-Main] 2025-05-24 19:11:29 Error: detect: opening rule file C:\\Program Files\\Suricata\\rules\\emerging-netbios.rules: No such file or directory.
[29428 - Suricata-Main] 2025-05-24 19:11:29 Error: detect: opening rule file C:\\Program Files\\Suricata\\rules\\emerging-phishing.rules: No such file or directory.
[29428 - Suricata-Main] 2025-05-24 19:11:29 Error: detect: opening rule file C:\\Program Files\\Suricata\\rules\\emerging-p2p.rules: No such file or directory.
[29428 - Suricata-Main] 2025-05-24 19:11:29 Error: detect: opening rule file C:\\Program Files\\Suricata\\rules\\emerging-policy.rules: No such file or directory.
[29428 - Suricata-Main] 2025-05-24 19:11:29 Error: detect: opening rule file C:\\Program Files\\Suricata\\rules\\emerging-pop3.rules: No such file or directory.
[29428 - Suricata-Main] 2025-05-24 19:11:29 Error: detect: opening rule file C:\\Program Files\\Suricata\\rules\\emerging-rpc.rules: No such file or directory.
[29428 - Suricata-Main] 2025-05-24 19:11:29 Error: detect: opening rule file C:\\Program Files\\Suricata\\rules\\emerging-scada.rules: No such file or directory.
[29428 - Suricata-Main] 2025-05-24 19:11:29 Error: detect: opening rule file C:\\Program Files\\Suricata\\rules\\emerging-scan.rules: No such file or directory.
[29428 - Suricata-Main] 2025-05-24 19:11:29 Error: detect: opening rule file C:\\Program Files\\Suricata\\rules\\emerging-shellcode.rules: No such file or directory.
[29428 - Suricata-Main] 2025-05-24 19:11:29 Error: detect: opening rule file C:\\Program Files\\Suricata\\rules\\emerging-smtp.rules: No such file or directory.
[29428 - Suricata-Main] 2025-05-24 19:11:29 Error: detect: opening rule file C:\\Program Files\\Suricata\\rules\\emerging-snmp.rules: No such file or directory.
[29428 - Suricata-Main] 2025-05-24 19:11:29 Error: detect: opening rule file C:\\Program Files\\Suricata\\rules\\emerging-sql.rules: No such file or directory.
[29428 - Suricata-Main] 2025-05-24 19:11:29 Error: detect: opening rule file C:\\Program Files\\Suricata\\rules\\emerging-telnet.rules: No such file or directory.
[29428 - Suricata-Main] 2025-05-24 19:11:29 Error: detect: opening rule file C:\\Program Files\\Suricata\\rules\\emerging-tftp.rules: No such file or directory.
[29428 - Suricata-Main] 2025-05-24 19:11:30 Error: detect: opening rule file C:\\Program Files\\Suricata\\rules\\emerging-user_agents.rules: No such file or directory.
[29428 - Suricata-Main] 2025-05-24 19:11:30 Error: detect: opening rule file C:\\Program Files\\Suricata\\rules\\emerging-voip.rules: No such file or directory.
[29428 - Suricata-Main] 2025-05-24 19:11:30 Error: detect: opening rule file C:\\Program Files\\Suricata\\rules\\emerging-web_client.rules: No such file or directory.
[29428 - Suricata-Main] 2025-05-24 19:11:30 Error: detect: opening rule file C:\\Program Files\\Suricata\\rules\\emerging-web_server.rules: No such file or directory.
[29428 - Suricata-Main] 2025-05-24 19:11:30 Error: detect: opening rule file C:\\Program Files\\Suricata\\rules\\emerging-web_specific_apps.rules: No such file or directory.
[29428 - Suricata-Main] 2025-05-24 19:11:30 Error: detect: opening rule file C:\\Program Files\\Suricata\\rules\\emerging-worm.rules: No such file or directory.
[29428 - Suricata-Main] 2025-05-24 19:11:30 Error: detect: opening rule file C:\\Program Files\\Suricata\\rules\\tor.rules: No such file or directory.
[29428 - Suricata-Main] 2025-05-24 19:11:30 Warning: detect: 47 rule files specified, but no rules were loaded!
[29428 - Suricata-Main] 2025-05-24 19:11:30 Warning: threshold-config: Error opening file: "C:\Program Files\Suricata\\\threshold.config": No such file or directory
[29428 - Suricata-Main] 2025-05-24 19:11:30 Info: detect: 0 signatures processed. 0 are IP-only rules, 0 are inspecting packet payload, 0 inspect application layer, 0 are decoder event only
[29428 - Suricata-Main] 2025-05-24 19:11:30 Warning: suricata: setrlimit unavailable.
[9680 - RX#01] 2025-05-24 19:11:30 Info: pcap: Starting file run for C:\Users\rhari\Desktop\Infected PCAP\2020-12-07-Qakbot-with-Cobalt-Strike-and-spambot-activity.pcap
[9680 - RX#01] 2025-05-24 19:11:30 Info: checksum: No packets with invalid checksum, assuming checksum offloading is NOT used
[29428 - Suricata-Main] 2025-05-24 19:11:30 Notice: threads: Threads created -> RX: 1 W: 22 FM: 1 FR: 1   Engine started.
[9680 - RX#01] 2025-05-24 19:11:30 Info: pcap: pcap file C:\Users\rhari\Desktop\Infected PCAP\2020-12-07-Qakbot-with-Cobalt-Strike-and-spambot-activity.pcap end of file reached (pcap err code 0)
[29428 - Suricata-Main] 2025-05-24 19:11:30 Notice: suricata: Signal Received.  Stopping engine.
[29428 - Suricata-Main] 2025-05-24 19:11:31 Info: suricata: time elapsed 0.996s
[9680 - RX#01] 2025-05-24 19:11:31 Notice: pcap: read 1 file, 34662 packets, 17660132 bytes
[29428 - Suricata-Main] 2025-05-24 19:11:31 Info: counters: Alerts: 0
